<?xml version="1.0" encoding="UTF-8"?>
<testng-results skipped="0" failed="0" total="1" passed="1">
  <reporter-output>
    <line>
      <![CDATA[No of rows in TCSheet::4  No of rows in TSSheet::10]]>
    </line>
    <line>
      <![CDATA[Login Success::adminflow   http://primusbank.qedgetech.com/adminflow.aspx]]>
    </line>
    <line>
      <![CDATA[Logout Success]]>
    </line>
    <line>
      <![CDATA[Login Success::adminflow   http://primusbank.qedgetech.com/adminflow.aspx]]>
    </line>
    <line>
      <![CDATA[New Branch Created Success::New Branch with id 44 created Sucessfully    New Branch]]>
    </line>
    <line>
      <![CDATA[Logout Success]]>
    </line>
    <line>
      <![CDATA[Login Success::adminflow   http://primusbank.qedgetech.com/adminflow.aspx]]>
    </line>
    <line>
      <![CDATA[Branch Update Success::Branch updated Sucessfully   Branch up]]>
    </line>
    <line>
      <![CDATA[Logout Success]]>
    </line>
  </reporter-output>
  <suite name="Default suite" duration-ms="98512" started-at="2021-02-17T05:04:23Z" finished-at="2021-02-17T05:06:02Z">
    <groups>
    </groups>
    <test name="Default test" duration-ms="98512" started-at="2021-02-17T05:04:23Z" finished-at="2021-02-17T05:06:02Z">
      <class name="DriverFactory.DriverScriptHybrid">
        <test-method status="PASS" signature="setUp()[pri:0, instance:DriverFactory.DriverScriptHybrid@2b98378d]" name="setUp" is-config="true" duration-ms="15997" started-at="2021-02-17T10:34:23Z" finished-at="2021-02-17T10:34:39Z">
          <reporter-output>
          </reporter-output>
        </test-method> <!-- setUp -->
        <test-method status="PASS" signature="startTest()[pri:0, instance:DriverFactory.DriverScriptHybrid@2b98378d]" name="startTest" duration-ms="80212" started-at="2021-02-17T10:34:39Z" finished-at="2021-02-17T10:35:59Z">
          <reporter-output>
            <line>
              <![CDATA[No of rows in TCSheet::4  No of rows in TSSheet::10]]>
            </line>
            <line>
              <![CDATA[Login Success::adminflow   http://primusbank.qedgetech.com/adminflow.aspx]]>
            </line>
            <line>
              <![CDATA[Logout Success]]>
            </line>
            <line>
              <![CDATA[Login Success::adminflow   http://primusbank.qedgetech.com/adminflow.aspx]]>
            </line>
            <line>
              <![CDATA[New Branch Created Success::New Branch with id 44 created Sucessfully    New Branch]]>
            </line>
            <line>
              <![CDATA[Logout Success]]>
            </line>
            <line>
              <![CDATA[Login Success::adminflow   http://primusbank.qedgetech.com/adminflow.aspx]]>
            </line>
            <line>
              <![CDATA[Branch Update Success::Branch updated Sucessfully   Branch up]]>
            </line>
            <line>
              <![CDATA[Logout Success]]>
            </line>
          </reporter-output>
        </test-method> <!-- startTest -->
        <test-method status="PASS" signature="tearDown()[pri:0, instance:DriverFactory.DriverScriptHybrid@2b98378d]" name="tearDown" is-config="true" duration-ms="2242" started-at="2021-02-17T10:35:59Z" finished-at="2021-02-17T10:36:02Z">
          <reporter-output>
          </reporter-output>
        </test-method> <!-- tearDown -->
      </class> <!-- DriverFactory.DriverScriptHybrid -->
    </test> <!-- Default test -->
  </suite> <!-- Default suite -->
</testng-results>
